<?xml version="1.0" encoding="UTF-8"?>
<!-- Generated by org.testng.reporters.JUnitReportReporter -->
<testsuite hostname="DESKTOP-UP2Q5NF" failures="0" tests="1" name="testscript.LoginPage_Test" time="32.857" errors="0" timestamp="2024-11-22T12:21:00 IST" skipped="0">
  <testcase classname="testscript.LoginPage_Test" name="verifyUserIsAbleToLoginValidCredenstials" time="32.857"/>
  <system-out/>
</testsuite> <!-- testscript.LoginPage_Test -->
