<?xml version="1.0" encoding="UTF-8"?>
<!-- Generated by org.testng.reporters.JUnitReportReporter -->
<testsuite hostname="DESKTOP-UP2Q5NF" failures="0" tests="3" name="testscript.NewTest" time="0.034" errors="0" timestamp="2024-11-21T12:27:50 IST" skipped="0">
  <testcase classname="testscript.NewTest" name="show" time="0.025"/>
  <system-out/>
  <testcase classname="testscript.NewTest" name="pdisplay" time="0.004"/>
  <system-out/>
  <testcase classname="testscript.NewTest" name="dread" time="0.005"/>
  <system-out/>
</testsuite> <!-- testscript.NewTest -->
