<?xml version="1.0" encoding="UTF-8"?>
<!-- Generated by org.testng.reporters.JUnitReportReporter -->
<testsuite hostname="DESKTOP-UP2Q5NF" failures="0" tests="2" name="testscript.NewTest1" time="0.096" errors="0" timestamp="2024-11-21T12:37:17 IST" skipped="0">
  <testcase classname="testscript.NewTest1" name="f" time="0.033"/>
  <system-out/>
  <testcase classname="testscript.NewTest1" name="display" time="0.063"/>
  <system-out/>
</testsuite> <!-- testscript.NewTest1 -->
